c:\users\22566\desktop\proj3\rayskels20\release\vc142.pdb
c:\users\22566\desktop\proj3\rayskels20\release\trimesh.obj
c:\users\22566\desktop\proj3\rayskels20\release\square.obj
c:\users\22566\desktop\proj3\rayskels20\release\sphere.obj
c:\users\22566\desktop\proj3\rayskels20\release\cylinder.obj
c:\users\22566\desktop\proj3\rayskels20\release\cone.obj
c:\users\22566\desktop\proj3\rayskels20\release\box.obj
c:\users\22566\desktop\proj3\rayskels20\release\scene.obj
c:\users\22566\desktop\proj3\rayskels20\release\ray.obj
c:\users\22566\desktop\proj3\rayskels20\release\material.obj
c:\users\22566\desktop\proj3\rayskels20\release\light.obj
c:\users\22566\desktop\proj3\rayskels20\release\camera.obj
c:\users\22566\desktop\proj3\rayskels20\release\vecmath.obj
c:\users\22566\desktop\proj3\rayskels20\release\read.obj
c:\users\22566\desktop\proj3\rayskels20\release\parse.obj
c:\users\22566\desktop\proj3\rayskels20\release\bitmap.obj
c:\users\22566\desktop\proj3\rayskels20\release\traceui.obj
c:\users\22566\desktop\proj3\rayskels20\release\traceglwindow.obj
c:\users\22566\desktop\proj3\rayskels20\release\raytracer.obj
c:\users\22566\desktop\proj3\rayskels20\release\main.obj
c:\users\22566\desktop\proj3\rayskels20\release\getopt.obj
c:\users\22566\desktop\proj3\rayskels20\release\ray.exe
c:\users\22566\desktop\proj3\rayskels20\release\ray.map
c:\users\22566\desktop\proj3\rayskels20\release\ray.pdb
c:\users\22566\desktop\proj3\rayskels20\release\ray.tlog\cl.command.1.tlog
c:\users\22566\desktop\proj3\rayskels20\release\ray.tlog\cl.read.1.tlog
c:\users\22566\desktop\proj3\rayskels20\release\ray.tlog\cl.write.1.tlog
c:\users\22566\desktop\proj3\rayskels20\release\ray.tlog\link.command.1.tlog
c:\users\22566\desktop\proj3\rayskels20\release\ray.tlog\link.read.1.tlog
c:\users\22566\desktop\proj3\rayskels20\release\ray.tlog\link.write.1.tlog
